[    0.000000] Initializing cgroup subsys cpuset
[    0.000000] Initializing cgroup subsys cpu
[    0.000000] Initializing cgroup subsys cpuacct
[    0.000000] Linux version 4.4.0-145-generic (buildd@lcy01-amd64-027) (gcc version 5.4.0 20160609 (Ubuntu 5.4.0-6ubuntu1~16.04.10) ) #171-Ubuntu SMP Tue Mar 26 12:43:40 UTC 2019 (Ubuntu 4.4.0-145.171-generic 4.4.176)
[    0.000000] Command line: BOOT_IMAGE=/boot/vmlinuz-4.4.0-145-generic root=LABEL=cloudimg-rootfs ro console=tty1 console=ttyS0
[    0.000000] KERNEL supported cs:
[    0.000000]   Intel GenuineIntel
[    0.000000]   AMD AuthenticAMD
[    0.000000]   Centaur CentaurHauls
[    0.000000] x86/fpu: xstate_offset[2]:  576, xstate_sizes[2]:  256
[    0.000000] x86/fpu: Supporting XSAVE feature 0x01: 'x87 floating point registers'
[    0.000000] x86/fpu: Supporting XSAVE feature 0x02: 'SSE registers'
[    0.000000] x86/fpu: Supporting XSAVE feature 0x04: 'AVX registers'
[    0.000000] x86/fpu: Enabled xstate features 0x7, context size is 832 bytes, using 'standard' format.
[    0.000000] e820: BIOS-provided physical RAM map:
[    0.000000] BIOS-e820: [mem 0x0000000000000000-0x000000000009fbff] usable
[    0.000000] BIOS-e820: [mem 0x000000000009fc00-0x000000000009ffff] reserved
[    0.000000] BIOS-e820: [mem 0x00000000000f0000-0x00000000000fffff] reserved
[    0.000000] BIOS-e820: [mem 0x0000000000100000-0x000000003ffeffff] usable
[    0.000000] BIOS-e820: [mem 0x000000003fff0000-0x000000003fffffff] ACPI data
[    0.000000] BIOS-e820: [mem 0x00000000fec00000-0x00000000fec00fff] reserved
[    0.000000] BIOS-e820: [mem 0x00000000fee00000-0x00000000fee00fff] reserved
[    0.000000] BIOS-e820: [mem 0x00000000fffc0000-0x00000000ffffffff] reserved
[    0.000000] NX (Execute Disable) protection: active
[    0.000000] SMBIOS 2.5 present.
[    0.000000] Hypervisor detected: KVM
[    0.000000] e820: last_pfn = 0x3fff0 max_arch_pfn = 0x400000000
[    0.000000] MTRR: Disabled
[    0.000000] x86/PAT: MTRRs disabled, skipping PAT initialization too.
[    0.000000] CPU MTRRs all blank - virtualized system.
[    0.000000] x86/PAT: Configuration [0-7]: WB  WT  UC- UC  WB  WT  UC- UC  
[    0.000000] found SMP MP-table at [mem 0x0009fff0-0x0009ffff] mapped at [ffff88000009fff0]
[    0.000000] Scanning 1 areas for low memory corruption
[    0.000000] RAMDISK: [mem 0x362fc000-0x37175fff]
[    0.000000] ACPI: Early table checksum verification disabled
[    0.000000] ACPI: RSDP 0x00000000000E0000 000024 (v02 VBOX  )
[    0.000000] ACPI: XSDT 0x000000003FFF0030 00003C (v01 VBOX   VBOXXSDT 00000001 ASL  00000061)
[    0.000000] ACPI: FACP 0x000000003FFF00F0 0000F4 (v04 VBOX   VBOXFACP 00000001 ASL  00000061)
[    0.000000] ACPI: DSDT 0x000000003FFF0470 0021FF (v02 VBOX   VBOXBIOS 00000002 INTL 20180105)
[    0.000000] ACPI: FACS 0x000000003FFF0200 000040
[    0.000000] ACPI: FACS 0x000000003FFF0200 000040
[    0.000000] ACPI: APIC 0x000000003FFF0240 00005C (v02 VBOX   VBOXAPIC 00000001 ASL  00000061)
[    0.000000] ACPI: SSDT 0x000000003FFF02A0 0001CC (v01 VBOX   VBOXCPUT 00000002 INTL 20180105)
[    0.000000] No NUMA configuration found
[    0.000000] Faking a node at [mem 0x0000000000000000-0x000000003ffeffff]
[    0.000000] NODE_DATA(0) allocated [mem 0x3ffeb000-0x3ffeffff]
[    0.000000] kvm-clock: Using msrs 4b564d01 and 4b564d00
[    0.000000] kvm-clock: cpu 0, msr 0:3ffe3001, primary cpu clock
[    0.000000] kvm-clock: using sched offset of 3689422489 cycles
[    0.000000] clocksource: kvm-clock: mask: 0xffffffffffffffff max_cycles: 0x1cd42e4dffb, max_idle_ns: 881590591483 ns
[    0.000000] Zone ranges:
[    0.000000]   DMA      [mem 0x0000000000001000-0x0000000000ffffff]
[    0.000000]   DMA32    [mem 0x0000000001000000-0x000000003ffeffff]
[    0.000000]   Normal   empty
[    0.000000]   Device   empty
[    0.000000] Movable zone start for each node
[    0.000000] Early memory node ranges
[    0.000000]   node   0: [mem 0x0000000000001000-0x000000000009efff]
[    0.000000]   node   0: [mem 0x0000000000100000-0x000000003ffeffff]
[    0.000000] Initmem setup node 0 [mem 0x0000000000001000-0x000000003ffeffff]
[    0.000000] ACPI: PM-Timer IO Port: 0x4008
[    0.000000] IOAPIC[0]: apic_i 2, version 32, address 0xfec00000, GSI 0-23
[    0.000000] ACPI: INT_SRC_OVR (bus 0 bus_irq 0 global_irq 2 dfl dfl)
[    0.000000] ACPI: INT_SRC_OVR (bus 0 bus_irq 9 global_irq 9 low level)
[    0.000000] Using ACPI (MADT) for SMP configuration information
[    0.000000] smpboot: Allowing 2 CPUs, 0 hotplug CPUs
[    0.000000] PM: Registered nosave memory: [mem 0x00000000-0x00000fff]
[    0.000000] PM: Registered nosave memory: [mem 0x0009f000-0x0009ffff]
[    0.000000] PM: Registered nosave memory: [mem 0x000a0000-0x000effff]
[    0.000000] PM: Registered nosave memory: [mem 0x000f0000-0x000fffff]
[    0.000000] e820: [mem 0x40000000-0xfebfffff] available for PCI devices
[    0.000000] Booting paravirtualized kernel on KVM
[    0.000000] clocksource: refined-jiffies: mask: 0xffffffff max_cycles: 0xffffffff, max_idle_ns: 7645519600211568 ns
[    0.0000] setup_percpu: NR_CPUS:512 nr_cpumask_bits:512 nr_cpu_ids:2nr_node_ids:1
[    0.000000] PERCPU: Embedded 34 pages/cpu @ffff88003fc00000 s99480 r8192 d31592 u1048576
[    0.000000] Built 1 zonelists in Node order, mobility grouping on.  Total pages: 257912
[    0.000000] Policy zone: DMA32
[    0.000000] Kernel command line: BOOT_IMAGE=/boot/vmlinuz-4.4.0-145-generic root=LABEL=cloudimg-rootfs ro console=tty1 console=ttyS0
[    0.000000] PID hash table entries: 4096 (order: 3, 32768 bytes)
[    0.000000] Memory: 997736K/1048120K available (8608K kernel code, 1333K rwdata, 4008K rodata, 1484K init, 1284K bss, 50384K reserved, 0K cma-reserved)
[    0.000000] SLUB: HWalign=64, Order=0-3, MinObjects=0, CPUs=2, Nodes=1
[    0.000000] Kernel/User page tables isolation: enabled
[    0.000000] Hierarchical RCU implementation.
[    0.000000] 	Build-time adjustment of leaf fanout to 64.
[    0.000000] 	RCU restricting CPUs from NR_CPUS=512 to nr_cpu_ids=2.
[    0.000000] RCU: Adjusting geometry for rcu_faout_leaf=64, nr_cpu_ids=2
[    0.000000] NR_IRQS:33024 nr_irqs:440 16
[    0.000000] Console: colour VGA+ 80x25
[    0.000000] console [tty1] enabled
[    0.000000] console [ttyS0] enabled
[    0.000000] tsc: Detected 2394.456 MHz processor
[    0.271157] Calibrating delay loop (skipped) preset value.. 4788.91 BogoMIPS (lpj=9577824)
[    0.273077] pid_max: default: 32768 minimum: 301
[    0.274112] ACPI: Core revision 20150930
[    0.275916] ACPI: 2 ACPI AML tables successfully acquired and loaded
[    0.277403] Security Framework initialized
[    0.278535] Yama: becoming mindful.
[    0.284769] AppArmor: AppArmor initialized
[    0.285798] Dentry cache hash table entries: 131072 (order: 8, 1048576 bytes)
[    0.293224] Inode-cache hash table entries: 65536 (order: 7, 524288 bytes)
[    0.295767] Mount-cache hash table entries: 2048 (order: 2, 16384 bytes)
[    0.307734] Mountpoint-cache hash table entries: 2048 (order: 2, 16384 bytes)
[    0.309412] Initializing cgroup subsys io
[    0.310489] Initializing cgroup subsys memory
[    0.311491] Initializing cgroup subsys devices
[    0.312576] Initializing cgroup subsys freezer
[    0.313584] Initializing cgroup subsys net_cls
[    0.314616] Initializing cgroup subsys perf_event
[    0.315666] Initializing cgroup subsys net_prio
[    0.316686] Initializing cgroup subsys hugetlb
[    0.317694] Initializing cgroup subsys pids
[    0.319642] mce: CPU supports 0 MCE banks
[    0.320599] Last level iTLB entries: 4KB 64, 2MB 8, 4MB 8
[    0.321841] Last level dTLB entries: 4KB 64, 2MB 0, 4MB 0, 1GB 4
[    0.330531] Spectre V2 : Mitigation: Full generic retpoline
[    0.331648] Spectre V2 : Spectre v2 / SpectreRSB mitigation: Filling RSB on context switch
[    0.333387] Speculative Store Bypass: Vulnerable
[    0.336710] Freeing SMP alternatives memory: 36K
[    0.342264] ftrace: allocating 32283 entries in 127 pages
[    0.392272] smpboot: APIC(0) Converting physical 0 to logical package 0
[    0.428507] smpboot: Max logical packages: 1
[    0.431072] x2apic enabled
[    0.431922] Switched APIC routing to physical x2apic.
[    0.433934] ..TIMER: vector=0x30 apic1=0 pin1=2 apic2=-1 pin2=-1
[    0.541882] smpboot: CPU0: Intel(R) Core(TM) i7-5500U CPU @ 2.40GHz (family: 0x6, model: 0x3d, stepping: 0x4)
[    0.556270] Performance Events: unsupported p6 CPU model 61 no PMU driver, software events only.
[    0.568408] KVM setup paravirtual spinlock
[    0.571512] x86: Booting SMP configuration:
[    0.572384] .... node  #0, CPUs:      #1
[    0.573274] kvm-clock: cpu 1, msr 0:3ffe3041, secondary cpu clock
[    0.575316] mce: CPU supports 0 MCE banks
[    0.577981] x86: Booted up 1 node, 2 CPUs
[    0.579388] smpboot: Total of 2 processors activated (9577.82 BogoMIPS)
[    0.581268] devtmpfs: initialized
[    0.583624] evm: security.selinux
[    0.584531] evm: security.SMACK64
[    0.585401] evm: security.SMACK64EXEC
[    0.586374] evm: security.SMACK64TRANSMUTE
[    0.599754] evm: security.SMACK64MMAP
[    0.600516] evm: security.ima
[    0.606514] evm: security.capability
[    0.607592] clocksource: jiffies: mask: 0xffffffff max_cycles: 0xffffffff, max_idle_ns: 7645041785100000 ns
[    0.609480] futex hash table entries: 512 (order: 3, 32768 bytes)
[    0.610741] pinctrl core: initialized pinctrl subsystem
[    0.611850] RTC time:  5:01:18, date: 06/17/19
[    0.612924] NET: Registered protocol family 16
[    0.625698] cpuidle: using governor ladder
[    0.641752] cpuidle: using governor menu
[    0.647817] PCCT header not found.
[    0.649371] ACPI: bus type PCI registered
[    0.652221] acpiphp: ACPI Hot Plug PCI Controller Driver version: 0.5
[    0.654749] PCI: Using configuration type 1 for base access
[    0.670600] ACPI: Added _OSI(Module Device)
[    0.672408] ACPI: Added _OSI(Processor Device)
[    0.674402] ACPI: Added _OSI(3.0 _SCP Extensions)
[    0.677078] ACPI: Added _OSI(Processor Aggregator Device)
[    0.680974] ACPI: Executed 1 blocks of module-level executable AML code
[    0.684773] ACPI: Interpreter enabled
[    0.685717] ACPI: (supports S0 S5)
[    0.686820] ACPI: Using IOAPIC for interrupt routing
[    0.688317] PCI: Using host bridge windows from ACPI; if necessary, use "pci=nocrs" and report a bug
[    0.693545] ACPI: PCI Root Bridge [PCI0] (domain 0000 [bus 00-ff])
[    0.694902] acpi PNP0A03:00: _OSC: OS supports [ASPM ClockPM Segments MSI]
[    0.696335] acpi PNP0A03:00: _OSC: not requesting OS control; OS requires [ExtendedConfig ASPM ClockPM MSI]
[    0.699624] acpi PNP0A03:00: fail to add MMCONFIG information, can't access extended PCI configuration space under this bridge.
[    0.702280] PCI host bridge to bus 0000:00
[    0.703237] pci_bus 0000:00: root bus resource [io  0x0000-0x0cf7 window]
[    0.704636] pci_bus 0000:00: root bus resource [io  0x0d00-0xffff window]
[    0.706085] pci_bus 0000:00: root bus resource [mem 0x000a0000-0x000bffff window]
[    0.707797] pci_bus 0000:00: root bus resource [mem 0x40000000-0xfdffffff window]
[    0.709515] pci_bus 0000:00: root bus resource [bus 00-ff]
[    0.712230] pci 0000:00:01.1: legacy IDE quirk: reg 0x10: [io  0x01f0-0x01f7]
[    0.713704] pci 0000:00:01.1: legacy IDE quirk: reg 0x14: [io  0x03f6]
[    0.720318] pci 0000:00:01.1: legacy IDE quirk: reg 0x18: [io  0x0170-0x0177]
[    0.721788] pci 0000:00:01.1: legacy IDE quirk: reg 0x1c: [io  0x0376]
[    0.743548] pci 0000:00:07.0: quirk: [io  0x4000-0x403f] claimed by PIIX4 ACPI
[    0.752054] pci 0000:00:07.0: quirk: [io  0x4100-0x410f] claimed by PIIX4 SMB
[    0.771264] ACPI: PCI Interrupt Link [LNKA] (IRQs 5 9 10 *11)
[    0.778550] ACPI: PCI Interrupt Link [LNKB] (IRQs 5 9 *10 11)
[    0.790342] ACPI: PCI Interrupt Link [LNKC] (IRQs 5 *9 10 11)
[    0.792091] ACPI: PCI Interrupt Link [LNKD] (IRQs 5 9 10 *11)
[    0.793909] ACPI: Enabled 2 GPEs in block 00 to 07
[    0.807016] vgaarb: setting as boot device: PCI:0000:00:02.0
[    0.812171] vgaarb: device added: PCI:0000:00:02.0,decodes=io+mem,owns=io+mem,locks=none
[    0.819455] vgaarb: loaded
[    0.820208] vgaarb: bridge control possible 0000:00:02.0
[    0.821709] SCSI subsystem initialized
[    0.822789] ACPI: bus type USB registered
[    0.823814] usbcore: registered new interface driver usbfs
[    0.825089] usbcore: registered new interface driver hub
[    0.826354] usbcore: registered new device driver usb
[    0.827736] PCI: Using ACPI for IRQ routing
[    0.829060] NetLabel: Initializing
[    0.829987] NetLabel:  domain hash size = 128
[    0.831051] NetLabel:  protocols = UNLABELED CIPSOv4
[    0.832682] NetLabel:  unlabeled traffic allowed by default
[    0.834118] amd_nb: Cannot enumerate AMD northbridges
[    0.835357] clocksource: Switched to clocksource kvm-clock
[    0.842781] AppArmor: AppArmor Filesystem Enabled
[    0.844069] pnp: PnP ACPI init
[    0.845586] pnp: PnP ACPI: found 3 devices
[    0.860802] clocksource: acpi_pm: mask: 0xffffff max_cycles: 0xffffff, max_idle_ns: 20857010 ns
[    0.908194] NET: Registered protocol family 2

[    0.909398] TCP established hash table entries: 8192 (order: 4, 65536 bytes)
[    0.916218] TCP bind hash table entries: 8192 (order: 5, 131072 bytes)
[    0.917594] TCP: Hash tables configured (established 8192 bind 8192)
[    0.918984] UDP hash table entries: 512 (order: 2, 16384 bytes)
[    0.929808] UDP-Lite hash table entries: 512 (order: 2, 16384 bytes)
[    0.931307] NET: Registered protocol family 1
[    0.932413] pci 0000:00:00.0: Limiting direct PCI/PCI transfers
[    0.933779] pci 0000:00:01.0: Activating ISA DMA hang workarounds
[    0.935299] Unpacking initramfs...
[    1.140844] Freeing initrd memory: 14824K
[    1.147296] RAPL PMU detected, API unit is 2^-32 Joules, 4 fixed counters 10737418240 ms ovfl timer
[    1.149491] hw unit of domain pp0-core 2^-0 Joules
[    1.150641] hw unit of domain package 2^-0 Joules
[    1.152850] hw unit of domain dram 2^-0 Joules
[    1.153928] hw unit of domain pp1-gpu 2^-0 Joules
[    1.155129] platform rtc_cmos: registered platform RTC device (no PNP device found)
[    1.157072] Scanning for low memory corruption every 60 seconds
[    1.158913] audit: initializing netlink subsys (disabled)
[    1.160211] audit: type=2000 audit(1560747683.552:1): initialized
[    1.161942] Initialise system trusted keyring
[    1.163200] HugeTLB registered 2 MB page size, pre-allocated 0 pages
[    1.173649] zbud: loaded
[    1.188336] VFS: Disk quotas dquot_6.6.0
[    1.189166] VFS: Dquot-cache hash table entries: 512 (order 0, 4096 bytes)
[    1.190852] squashfs: version 4.0 (2009/01/31) Phillip Lougher
[    1.192280] fuse init (API version 7.23)
[    1.193266] Key type big_key registered
[    1.194088] Allocating IMA MOK and blacklist keyrings.
[    1.196391] Key type asymmetric registered
[    1.198572] Asymmetric key parser 'x509' registered
[    1.199546] Block layer SCSI generic (bsg) driver version 0.4 loaded (major 249)
[    1.201047] io scheduler noop registered
[    1.201840] io scheduler deadline registered (default)
[    1.202847] io scheduler cfq registered
[    1.204349] pci_hotplug: PCI Hot Plug PCI Core version: 0.5
[    1.205390] pciehp: PCI Express Hot Plug Controller Driver version: 0.4
[    1.214031] ACPI: AC Adapter [AC] (on-line)
[    1.220581] input: Power Button as /devices/LNXSYSTM:00/LNXPWRBN:00/input/input0
[    1.228186] ACPI: Power Button [PWRF]
[    1.229207] input: Sleep Button as /devices/LNXSYSTM:00/LNXSLPBN:00/input/input1
[    1.230880] ACPI: Sleep Button [SLPF]
[    1.231905] GHES: HEST is not enabled!
[    1.232494] ACPI: Battery Slot [BAT0] (battery present)
[    1.235294] Serial: 8250/16550 driver, 32 ports, IRQ sharing enabled
[    1.259182] 00:02: ttyS0 at I/O 0x3f8 (irq = 4, base_baud = 115200) is a 16550A
[    1.269528] Linux agpgart interface v0.103
[    1.272873] loop: module loaded
[    1.274348] scsi host0: ata_piix
[    1.275325] scsi host1: ata_piix
[    1.276242] ata1: PATA max UDMA/33 cmd 0x1f0 ctl 0x3f6 bmdma 0xd000 irq 14
[    1.277829] ata2: PATA max UDMA/33 cmd 0x170 ctl 0x376 bmdma 0xd008 irq 15
[    1.279478] libphy: Fixed MDIO Bus: probed
[    1.281595] tun: Universal TUN/TAP device driver, 1.6
[    1.284327] tun: (C) 1999-2004 Max Krasnyansky <maxk@qualcomm.com>
[    1.290969] PPP generic driver version 2.4.2
[    1.291984] ehci_hcd: USB 2.0 'Enhanced' Host Controller (EHCI) Driver
[    1.293162] ehci-pci: EHCI PCI platform driver
[    1.294071] ehci-platform: EHCI generic platform driver
[    1.295088] ohci_hcd: USB 1.1 'Open' Host Controller (OHCI) Driver
[    1.296238] ohci-pci: OHCI PCI platform driver
[    1.297141] ohci-platform: OHCI generic platform driver
[    1.303448] uhci_hcd: USB Universal Host Controller Interface driver
[    1.304866] i8042: PNP: PS/2 Controller [PNP0303:PS2K,PNP0f03:PS2M] at 0x60,0x64 irq 1,12
[    1.307144] serio: i8042 KBD port at 0x60,0x64 irq 1
[    1.308179] serio: i8042 AUX port at 0x60,0x64 irq 12
[    1.309357] mousedev: PS/2 mouse device common for all mice
[    1.310728] input: AT Translated Set 2 keyboard as /devices/platform/i8042/serio0/input/input2
[    1.312878] rtc_cmos rtc_cmos: rtc core: registered rtc_cmos as rtc0
[    1.314115] rtc_cmos rtc_cmos: alarms up to one day, 114 bytes nvram
[    1.315254] i2c /dev entries driver
[    1.324228] device-mapper: uevent: version 1.0.3
[    1.325434] device-mapper: ioctl: 4.34.0-ioctl (2015-10-28) initialised: dm-devel@redhat.com
[    1.327481] ledtrig-cpu: registered to indicate activity on CPUs
[    1.329273] NET: Registered protocol family 10
[    1.330595] NET: Registered protocol family 17
[    1.331697] Key type dns_resolver registered
[    1.333134] registered taskstats version 1
[    1.334172] Loading compiled-in X.509 certificates
[    1.335992] Loaded X.509 cert 'Build time autogenerated kernel key: 766cb56454e39ea623681e1efb4bf4db48a2396c'
[    1.338348] zswap: loaded using pool lzo/zbud
[    1.341073] Key type trusted registered
[    1.345269] Key type encrypted registered
[    1.351890] AppArmor: AppArmor sha1 policy hashing enabled
[    1.353130] ima: No TPM chip found, activating TPM-bypass!
[    1.354330] ima: Allocated hash algorithm: sha1
[    1.355361] evm: HMAC attrs: 0x1
[    1.356448]   Magic number: 7:765:11
[    1.357417] rtc_cmos rtc_cmos: setting system clock to 2019-06-17 05:01:19 UTC (1560747679)
[    1.364695] BIOS EDD facility v0.16 2004-Jun-25, 0 devices found
[    1.365986] EDD information not available.
[    1.437091] Freeing unused kernel memory: 1484K
[    1.439743] Write protecting the kernel read-only data: 14336k
[    1.443885] Freeing unused kernel memory: 1620K
[    1.446332] Freeing unused kernel memory: 88K
Loading, please wait...
starting version 229
[    1.461293] random: systemd-udevd: uninitialized urandom read (16 bytes read, 3 bits of entropy available)
[    1.462256] random: udevadm: uninitialized urandom read (16 bytes read, 3 bits of entropy available)
[    1.462285] random: udevadm: uninitialized urandom read (16 bytes read, 3 bits of entropy available)
[    1.468196] random: systemd-udevd: uninitialized urandom read (16 bytes read, 3 bits of entropy available)
[    1.470484] random: systemd-udevd: uninitialized urandom read (16 bytes read, 3 bits of entropy available)
[    1.472037] random: udevadm: uninitialized urandom read (16 bytes read, 3 bits of entropy available)
[    1.472093] random: udevadm: uninitialized urandom read (16 bytes read, 3 bits of entropy available)
[    1.472220] random: udevadm: uninitialized urandom read (16 bytes read, 3 bits of entropy available)
[    1.472266] random: udevadm: uninitialized urandom read (16 bytes read, 3 bits of entropy available)
[    1.472313] random: udevadm: uninitialized urandom read (16 bytes read, 3 bits of entropy available)
[    1.513763] e1000: Intel(R) PRO/1000 Network Driver - version 7.3.21-k8-NAPI
[    1.515363] e1000: Copyright (c) 1999-2006 Intel Corporation.
[    1.516685] Fusion MPT base driver 3.04.20
[    1.517838] Copyright (c) 1999-2008 LSI Corporation
[    1.531903] Fusion MPT SPI Host driver 3.04.20
[    1.539191] AVX2 version of gcm_enc/dec engaged.
[    1.540398] AES CTR mode by8 optimization enabled
[    1.725676] input: ImExPS/2 Generic Explorer Mouse as /devices/platform/i8042/serio1/input/input4
[    1.864655] e1000 0000:00:03.0 eth0: (PCI:33MHz:32-bit) 02:80:71:3d:7c:90
[    1.874070] e1000 0000:00:03.0 eth0: Intel(R) PRO/1000 Network Connection
[    1.877865] mptbase: ioc0: Initiating bringup
[    1.878236] e1000 0000:00:03.0 enp0s3: renamed from eth0
[    1.964141] ioc0: LSI53C1030 A0: Capabilities={Initiator}
[    2.152003] tsc: Refined TSC clocksource calibration: 2393.542 MHz
[    2.155029] clocksource: tsc: mask: 0xffffffffffffffff max_cycles: 0x228062c322b, max_idle_ns: 440795263236 ns
[    2.161226] scsi host2: ioc0: LSI53C1030 A0, FwRev=00000000h, Ports=1, MaxQ=256, IRQ=20
[    2.293269] scsi 2:0:0:0: Direct-Access     VBOX     HARDDISK         1.0  PQ: 0 ANSI: 5
[    2.298806] scsi target2:0:0: Beginning Domain Validation
[    2.301504] scsi target2:0:0: Domain Validation skipping write tests
[    2.303427] scsi target2:0:0: Ending Domain Validation
[    2.314287] scsi target2:0:0: asynchronous
[    2.315603] scsi 2:0:1:0: Direct-Access     VBOX     HARDDISK         1.0  PQ: 0 ANSI: 5
[    2.326728] scsi target2:0:1: Beginning Domain Validation
[    2.328571] scsi target2:0:1: Domain Validation skipping write tests
[    2.565924] scsi target2:0:1: Ending Domain Validation
[    2.567096] scsi target2:0:1: asynchronous
[    2.572459] sd 2:0:0:0: [sda] 20971520 512-byte logical blocks: (10.7 GB/10.0 GiB)
[    2.572707] sd 2:0:0:0: Attached scsi generic sg0 type 0
[    2.575556] sd 2:0:0:0: [sda] Write Protect is off
[    2.576711] sd 2:0:1:0: Attached scsi generic sg1 type 0
[    2.576731] sd 2:0:1:0: [sdb] 20480 512-byte logical blocks: (10.5 MB/10.0 MiB)
[    2.577819] sd 2:0:0:0: [sda] Incomplete mode parameter data
[    2.577820] sd 2:0:0:0: [sda] Assuming drive cache: write through
[    2.584700] sd 2:0:1:0: [sdb] Write Protect is off
[    2.599799] sd 2:0:1:0: [sdb] Incomplete mode parameter data
[    2.600864] sd 2:0:1:0: [sdb] Assuming drive cache: write through
[    2.649515]  sda: sda1
[    2.668835] sd 2:0:0:0: [sda] Attached SCSI disk
[    2.685147] sd 2:0:1:0: [sdb] Attached SCSI disk
Begin: Loading essential drivers ... [    4.076190] md: linear personality registered for level -1
[    4.080685] md: multipath personality registered for level -4
[    4.084024] md: raid0 personality registered for level 0
[    4.088416] md: raid1 personality registered for level 1
[    4.159382] raid6: sse2x1   gen()  9159 MB/s
[    4.227406] raid6: sse2x1   xor()  6806 MB/s
[    4.295389] raid6: sse2x2   gen() 11108 MB/s
[    4.363386] raid6: sse2x2   xor()  7624 MB/s
[    4.443872] raid6: sse2x4   gen() 13284 MB/s
[    4.515382] raid6: sse2x4   xor()  9365 MB/s
[    4.587384] raid6: avx2x1   gen() 17696 MB/s
[    4.675392] raid6: avx2x2   gen() 21167 MB/s
[    4.743398] raid6: avx2x4   gen() 24337 MB/s
[    4.744485] raid6: using algorithm avx2x4 gen() 24337 MB/s
[    4.747129] raid6: using avx2x2 recovery algorithm
[    4.749650] xor: automatically using best checksumming function:
[    4.806563]    avx       : 62482.000 MB/sec
[    4.808856] async_tx: api initialized (async)
[    4.820647] md: raid6 personality registered for level 6
[    4.822982] md: raid5 personality registered for level 5
[    4.824238] md: raid4 personality registered for level 4
[    4.832046] md: raid10 personality registered for level 10
done.
Begin: Running /scripts/init-premount ... done.
Begin: Mounting root file system ... Begin: Running /scripts/local-top ... done.
Begin: Running /scripts/local-premount ... [    4.866361] Btrfs loaded
Scanning for Btrfs filesystems
done.
Warning: fsck not present, so skipping root file system
[    4.946384] EXT4-fs (sda1): mounted filesystem with ordered data mode. Opts: (null)
done.
Begin: Running /scripts/local-bottom ... done.
Begin: Running /scripts/init-bottom ... done.
[    5.821214] systemd[1]: systemd 229 running in system mode. (+PAM +AUDIT +SELINUX +IMA +APPARMOR +SMACK +SYSVINIT +UTMP +LIBCRYPTSETUP +GCRYPT +GNUTLS +ACL +XZ -LZ4 +SECCOMP +BLKID +ELFUTILS +KMOD -IDN)
[    5.839575] systemd[1]: Detected virtualization oracle.
[    5.840595] systemd[1]: Detected architecture x86-64.

Welcome to [1mUbuntu 16.04.6 LTS[0m!

[    5.886429] systemd[1]: Set hostname to <ubuntu>.
[    5.918224] systemd[1]: Initializing machine ID from random generator.
[    5.937318] systemd[1]: Installed transient /etc/machine-id file.
[    5.949599] random: nonblocking pool is initialized
[    8.725576] systemd[1]: Listening on udev Control Socket.
[[0;32m  OK  [0m] Listening on udev Control Socket.
[    8.733348] systemd[1]: Created slice User and Session Slice.
[[0;32m  OK  [0m] Created slice User and Session Slice.
[    8.768601] systemd[1]: Listening on Syslog Socket.
[[0;32m  OK  [0m] Listening on Syslog Socket.
[    8.770874] systemd[1]: Listening on Journal Socket (/dev/log).
[[0;32m  OK  [0m] Listening on Journal Socket (/dev/log).
[    8.773631] systemd[1]: Started Trigger resolvconf update for networkd DNS.
[[0;32m  OK  [0m] Started Trigger resolvconf update for networkd DNS.
[    8.790939] systemd[1]: Listening on Journal Audit Socket.
[[0;32m  OK  [0m] Listening on Journal Audit Socket.
[    8.816147] systemd[1]: Set up automount Arbitrary Executable File Formats File System Automount Point.
[[0;32m  OK  [0m] Set up automount Arbitrary Executab...ats File System Automount Point.
[    8.863670] systemd[1]: Listening on Device-mapper event daemon FIFOs.
[[0;32m  OK  [0m] Listening on Device-mapper event daemon FIFOs.
[    8.903967] systemd[1]: Listening on LVM2 poll daemon socket.
[[0;32m  OK  [0m] Listening on LVM2 poll daemon socket.
[    8.949228] systemd[1]: Listening on LVM2 metadata daemon socket.
[[0;32m  OK  [0m] Listening on LVM2 metadata daemon socket.
[    8.951655] systemd[1]: Reached target Swap.
[[0;32m  OK  [0m] Reached target Swap.
[    8.967277] systemd[1]: Reached target Encrypted Volumes.
[[0;32m  OK  [0m] Reached target Encrypted Volumes.
[    8.969497] systemd[1]: Listening on /dev/initctl Compatibility Named Pipe.
[[0;32m  OK  [0m] Listening on /dev/initctl Compatibility Named Pipe.
[    8.972302] systemd[1]: Started Forward Password Requests to Wall Directory Watch.
[[0;32m  OK  [0m] Started Forward Password Requests to Wall Directory Watch.
[    8.980162] systemd[1]: Reached target System Time Synchronized.
[[0;32m  OK  [0m] Reached target System Time Synchronized.
[    8.986325] systemd[1]: Reached target User and Group Name Lookups.
[[0;32m  OK  [0m] Reached target User and Group Name Lookups.
[    9.007422] systemd[1]: Created slice System Slice.
[[0;32m  OK  [0m] Created slice System Slice.
[    9.009777] systemd[1]: Created slice system-serial\x2dgetty.slice.
[[0;32m  OK  [0m] Created slice system-serial\x2dgetty.slice.
[    9.014667] systemd[1]: Reached target Slices.
[[0;32m  OK  [0m] Reached target Slices.
[    9.023683] systemd[1]: Listening on udev Kernel Socket.
[[0;32m  OK  [0m] Listening on udev Kernel Socket.
[    9.032845] systemd[1]: Listening on Journal Socket.
[[0;32m  OK  [0m] Listening on Journal Socket.
[    9.063586] systemd[1]: Starting Nameserver information manager...
         Starting Nameserver information manager...
[    9.084618] systemd[1]: Starting Remount Root and Kernel File Systems...
         Starting Remount Root and Kernel File Systems...
[    9.195253] EXT4-fs (sda1): re-mounted. Opts: (null)
[    9.215772] systemd[1]: Starting Create list of required static device nodes for the current kernel...
         Starting Create list of required st... nodes for the current kernel...
[    9.319695] systemd[1]: Mounting Debug File System...
         Mounting Debug File System...
[    9.347880] systemd[1]: Mounting Huge Pages File System...
         Mounting Huge Pages File System...
[    9.350832] systemd[1]: Starting Uncomplicated firewall...
         Starting Uncomplicated firewall...
[    9.370750] systemd[1]: Starting Set console keymap...
         Starting Set console keymap...
[    9.374689] systemd[1]: Starting Monitoring of LVM2 mirrors, snapshots etc. using dmeventd or progress polling...
         Starting Monitoring of LVM2 mirrors... dmeventd or progress polling...
[    9.390097] systemd[1]: Starting Journal Service...
         Starting Journal Service...
[    9.471603] systemd[1]: Starting Load Kernel Modules...
         Starting Load Kernel Modules...
[    9.498673] systemd[1]: Mounting POSIX Message Queue File System...
         Mounting POSIX Message Queue File System...
[    9.510485] systemd[1]: Mounted POSIX Message Queue File System.
[[0;32m  OK  [0m] Mounted POSIX Message Queue File System.
[    9.528176] systemd[1]: Mounted Debug File System.
[[0;32m  OK  [0m] Mounted Debug File System.
[    9.531609] systemd[1]: Mounted Huge Pages File System.
[[0;32m  OK  [0m] Mounted Huge Pages File System.
[    9.535104] systemd[1]: Started Remount Root and Kernel File Systems.
[[0;32m  OK  [0m] Started Remount Root and Kernel File Systems.
[    9.550812] systemd[1]: Started Create list of required static device nodes for the current kernel.
[[0;32m  OK  [0m] Started Create list of required sta...ce nodes for the current kernel.
[    9.555378] systemd[1]: Started Uncomplicated firewall.
[[0;32m  OK  [0m] Started Uncomplicated firewall.
[    9.599630] systemd[1]: Starting Create Static Device Nodes in /dev...
         Starting Create Static Device Nodes in /dev...
[    9.667714] systemd[1]: Starting udev Coldplug all Devices...
         Starting udev Coldplug all Devices...
[    9.700793] systemd[1]: Starting Load/Save Random Seed...
         Starting Load/Save Random Seed...
[    9.709338] systemd[1]: Started Nameserver information manager.
[[0;32m  OK  [0m] Started Nameserver information manager.
[   10.022373] systemd[1]: Started Set console keymap.
[[0;32m  OK  [0m] Started Set console keymap.
[   10.033461] systemd[1]: Started Load/Save Random Seed.
[[0;32m  OK  [0m] Started Load/Save Random Seed.
[   10.232496] Loading iSCSI transport class v2.0-870.
[   10.347341] systemd[1]: Started udev Coldplug all Devices.
[[0;32m  OK  [0m] Started udev Coldplug all Devices.
[   10.493885] iscsi: registered transport (tcp)
[   10.749331] systemd[1]: Started Journal Service.
[[0;32m  OK  [0m] Started Journal Service.
         Starting Flush Journal to Persistent Storage...
[[0;32m  OK  [0m] Started LVM2 metadata daemon.
[   11.055493] systemd-journald[392]: Received request to flush runtime journal from PID 1
[   11.069859] iscsi: registered transport (iser)

[[0;32m  OK  [0m] Started Flush Journal to Persistent Storage.
[[0;32m  OK  [0m] Started Load Kernel Modules.
         Mounting FUSE Control File System...
         Starting Apply Kernel Variables...
[[0;32m  OK  [0m] Mounted FUSE Control File System.
[[0;32m  OK  [0m] Started Apply Kernel Variables.
[[0;32m  OK  [0m] Started Create Static Device Nodes in /dev.
         Starting udev Kernel Device Manager...
[[0;32m  OK  [0m] Started Monitoring of LVM2 mirrors,...ng dmeventd or progress polling.
[[0;32m  OK  [0m] Reached target Local File Systems (Pre).
[[0;32m  OK  [0m] Reached target Local File Systems.
         Starting Tell Plymouth To Write Out Runtime Data...
         Starting LSB: AppArmor initialization...
         Starting Create Volatile Files and Directories...
         Starting Commit a transient machine-id on disk...
         Starting Initial cloud-init job (pre-networking)...
         Starting Set console font and keymap...
[[0;32m  OK  [0m] Started Commit a transient machine-id on disk.
[[0;32m  OK  [0m] Started Create Volatile Files and Directories.
         Starting Update UTMP about System Boot/Shutdown...
[[0;32m  OK  [0m] Started Tell Plymouth To Write Out Runtime Data.
[[0;32m  OK  [0m] Started Update UTMP about System Boot/Shutdown.
[[0;32m  OK  [0m] Started udev Kernel Device Manager.
[[0;32m  OK  [0m] Started Dispatch Password Requests to Console Directory Watch.
[[0;32m  OK  [0m] Found device /dev/ttyS0.
[[0;32m  OK  [0m] Listening on Load/Save RF Kill Switch Status /dev/rfkill Watch.
[[0;32m  OK  [0m] Started LSB: AppArmor initialization.
[[0;32m  OK  [0m] Started Set console font and keymap.
[[0;32m  OK  [0m] Created slice system-getty.slice.
[   25.694586] cloud-init[472]: Cloud-init v. 18.5-45-g3554ffe8-0ubuntu1~16.04.1 running 'init-local' at Mon, 17 Jun 2019 05:01:43 +0000. Up 25.14 seconds.
[[0;32m  OK  [0m] Started Initial cloud-init job (pre-networking).
[[0;32m  OK  [0m] Reached target Network (Pre).
         Starting Raise network interfaces...
[[0;32m  OK  [0m] Started Raise network interfaces.
[[0;32m  OK  [0m] Reached target Network.
         Starting Initial cloud-init job (metadata service crawler)...
[   28.508375] cloud-init[946]: Cloud-init v. 18.5-45-g3554ffe8-0ubuntu1~16.04.1 running 'init' at Mon, 17 Jun 2019 05:01:45 +0000. Up 26.41 seconds.
[[0;32m  OK  [0m] Started Initial cloud-init job (metadata service crawler).
[   28.590163] cloud-init[946]: ci-info: ++++++++++++++++++++++++++++++++++++++Net device info++++++++++++++++++++++++++++++++++++++
[   28.688406] [[0;32m  OK  [0mcloud-init] [946]: Reached target Network is Online.ci-info: +--------+------+----------------------------+---------------+--------+-------------------+

[   28.696452] cloud-init[946]: ci-info: | Device |  Up  |          Address           |      Mask     | Scope  |     Hw-Address    |
         Starting iSCSI initiator daemon (iscsid)...
[[0;32m  OK  [0m] Reached target System Initialization.
         Starting Socket activation for snappy daemon.
[   28.767409] cloud-init[946]: ci-info: +--------+------+----------------------------+---------------+--------+-------------------+
[[0;32m  OK  [0m] Started Daily apt download activities.
[[0;32m  OK  [0m] Started Daily apt upgrade and clean activities.
[[0;32m  OK  [0m] Listening on D-Bus System Message Bus Socket.
[   28.951317] cloud-init[946]: ci-info: | enp0s3 | True |         10.0.2.15          | 255.255.255.0 | global | 02:80:71:3d:7c:90 |
[   29.140359] cloud-init[946]: ci-info: | enp0s3 | True | fe80::80:71ff:fe3d:7c90/64 |       .       |  link  | 02:80:71:3d:7c:90 |
[   29.164602] cloud-init[946]: ci-info: |   lo   | True |         127.0.0.1          |   255.0.0.0   |  host  |         .         |
[[0;32m  OK  [0m] Started ACPI Events Check.
[[0;32m  OK  [0m] Reached target Paths.
[   29.215928] cloud-init[946]: ci-info: |   lo   | True |          ::1/128           |       .       |  host  |         .         |
[   29.276477] cloud-init[946]: ci-info: +--------+------+----------------------------+---------------+--------+-------------------+
[   29.276871] cloud-init[946]: ci-info: +++++++++++++++++++++++++++Route IPv4 info++++++++++++++++++++++++++++
[   29.276937] cloud-init[946]: ci-info: +-------+-------------+----------+---------------+-----------+-------+
[   29.277024] cloud-init[946]: ci-info: | Route | Destination | Gateway  |    Genmask    | Interface | Flags |
[   29.277102] cloud-init[946]: ci-info: +-------+-------------+----------+---------------+-----------+-------+
[   29.277179] cloud-init[946]: ci-info: |   0   |   0.0.0.0   | 10.0.2.2 |    0.0.0.0    |   enp0s3  |   UG  |
[   29.277271] cloud-init[946]: ci-info: |   1   |   10.0.2.0  | 0.0.0.0  | 255.255.255.0 |   enp0s3  |   U   |
[   29.277368] cloud-init[946]: ci-info: +-------+-------------+----------+---------------+-----------+-------+
[   29.277465] cloud-init[946]: ci-info: +++++++++++++++++++Route IPv6 info+++++++++++++++++++
[   29.277570] cloud-init[946]: ci-info: +-------+-------------+---------+-----------+-------+
[   29.277662] cloud-init[946]: ci-info: | Route | Destination | Gateway | Interface | Flags |
[   29.277738] cloud-init[946]: ci-info: +-------+-------------+---------+-----------+-------+
[   29.277834] cloud-init[946]: ci-info: |   0   |  fe80::/64  |    ::   |   enp0s3  |   U   |
[   29.277918] cloud-init[946]: ci-info: |   3   |   ff00::/8  |    ::   |   enp0s3  |   U   |
[   29.277995] cloud-init[946]: ci-info: +-------+-------------+---------+-----------+-------+
[   29.278454] cloud-init[946]: Generating public/private rsa key pair.
[   29.278530] cloud-init[946]: Your identification has been saved in /etc/ssh/ssh_host_rsa_key.
[   29.278594] cloud-init[946]: Your public key has been saved in /etc/ssh/ssh_host_rsa_key.pub.
[   29.278666] cloud-init[946]: The key fingerprint is:
[   29.278744] cloud-init[946]: SHA256:Fk0YnKu9v3DL5KHD1Mh5Mxox0DS6dcuKyfV+9OBF3qc root@ubuntu-xenial
[   29.278814] cloud-init[946]: The key's randomart image is:
[   29.278886] cloud-init[946]: +---[RSA 2048]----+
[   29.278962] cloud-init[946]: |       +++.      |
[   29.279040] cloud-init[946]: |      ..=+       |
[   29.279116] cloud-init[946]: |      ..o.o      |
[   29.279184] cloud-init[946]: |       o++ .  .  |
[   29.279264] cloud-init[946]: |      .+S*o  o . |
[   29.279338] cloud-init[946]: |     ..=Bo= o o o|
[   29.279416] cloud-init[946]: |      +oo=== + ..|
[   29.279491] cloud-init[946]: |        =O oo E  |
[   29.279568] cloud-init[946]: |        .oBo     |
[   29.279640] cloud-init[946]: +----[SHA256]-----+
[   29.279715] cloud-init[946]: Generating public/private dsa key pair.
[   29.279780] cloud-init[946]: Your identification has been saved in /etc/ssh/ssh_host_dsa_key.
[   29.279852] cloud-init[946]: Your public key has been saved in /etc/ssh/ssh_host_dsa_key.pub.
[   29.279930] cloud-init[946]: The key fingerprint is:
[   29.280000] cloud-init[946]: SHA256:TQtu4/hhmnPKgmmSvQ+nPA9nkAN+5Rphzb9ptuLbiYc root@ubuntu-xenial
[   29.280066] cloud-init[946]: The key's randomart image is:
[   29.280145] cloud-init[946]: +---[DSA 1024]----+
[   29.280215] cloud-init[946]: |                 |
[   29.280289] cloud-init[946]: |    o            |
[   29.280354] cloud-init[946]: |.  o +  . .      |
[   29.280425] cloud-init[946]: |....+ .. + .     |
[[0;32m  OK  [0m] Started Daily Cleanup of Temporary Directories.
[   29.280606] cloud-init[946]: | .+o . .S o      |
[   30.044425] cloud-init[946]: |  .oo  +o.       |
[   30.046111] cloud-init[946]: | oo++ o=+        |
         Starting LXD - unix socket.
[[0;32m  OK  [0m] Listening on UUID daemon activation socket.
[[0;32m  OK  [0m] Listening on ACPID Listen Socket.
[   30.073749] cloud-init[946]: |o.*B.E**+.       |
[   30.108907] cloud-init[946]: | o+=+=OB.        |
[   30.110416] cloud-init[946]: +----[SHA256]-----+
[[0;32m  OK  [0m] Reached target Timers.
[   30.114952] cloud-init[946]: Generating public/private ecdsa key pair.
[   30.116274] cloud-init[946]: Your identification has been saved in /etc/ssh/ssh_host_ecdsa_key.
[   30.116436] cloud-init[946]: Your public key has been saved in /etc/ssh/ssh_host_ecdsa_key.pub.
[   30.116505] cloud-init[946]: The key fingerprint is:
[   30.116571] cloud-init[946]: SHA256:npy3ZMkPoe6zLH4WUPCnfrLwrLbK/a67Mx2xikeWkCY root@ubuntu-xenial
[   30.116634] cloud-init[946]: The key's randomart image is:
[   30.116696] cloud-init[946]: +---[ECDSA 256]---+
[   30.116759] cloud-init[946]: |      ..         |
[   30.116819] cloud-init[946]: |       ..        |
[   30.116879] cloud-init[946]: |     . .. .      |
[   30.116941] cloud-init[946]: |  E + . .o       |
[   30.117002] cloud-init[946]: |   o . oSo.      |
[   30.117071] cloud-init[946]: |      +++= o     |
[   30.117150] cloud-init[946]: |     +.oOoO      |
[   30.117211] cloud-init[946]: |   ...B*=B +     |
[   30.117270] cloud-init[946]: |    o=O/@o. .    |
[   30.117329] cloud-init[946]: +----[SHA256]-----+
[   30.117383] cloud-init[946]: Generating public/private ed25519 key pair.
[   30.117440] cloud-init[946]: Your identification has been saved in /etc/ssh/ssh_host_ed25519_key.
[   30.117497] cloud-init[946]: Your public key has been saved in /etc/ssh/ssh_host_ed25519_key.pub.
[   30.117556] cloud-init[946]: The key fingerprint is:
[   30.117611] cloud-init[946]: SHA256:DCPI9I5bbrOi39+UOv2pcqWlSv7T77wmSTIL1pqfd4U root@ubuntu-xenial
[   30.117660] cloud-init[946]: The key's randomart image is:
[   30.117707] cloud-init[946]: +--[ED25519 256]--+
[   30.117758] cloud-init[946]: |  .              |
[   30.117804] cloud-init[946]: | o o             |
[   30.117850] cloud-init[946]: |  o o o          |
[   30.117895] cloud-init[946]: |   o . +         |
[   30.117945] cloud-init[946]: |  . o  .S    .   |
[   30.117990] cloud-init[946]: |   +  o +.+ E .  |
[   30.118039] cloud-init[946]: |  . +..=o@ . .   |
[   30.118088] cloud-init[946]: |  .o ==+B.=oo    |
[   30.118457] cloud-init[946]: |.o..o.=B*=o*=.   |
[   30.118511] cloud-init[946]: +----[SHA256]-----+
[[0;32m  OK  [0m] Reached target Cloud-config availability.
[[0;32m  OK  [0m] Listening on Socket activation for snappy daemon.
[[0;32m  OK  [0m] Listening on LXD - unix socket.
[[0;32m  OK  [0m] Reached target Sockets.
[[0;32m  OK  [0m] Reached target Basic System.
[[0;32m  OK  [0m] Started D-Bus System Message Bus.
[[0;32m  OK  [0m] Started ACPI event daemon.
[[0;32m  OK  [0m] Started Unattended Upgrades Shutdown.
         Starting System Logging Service...
         Starting Pollinate to seed the pseudo random number generator...
[[0;32m  OK  [0m] Started Deferred execution scheduler.
         Starting LSB: MD monitoring daemon...
         Starting LXD - container startup/shutdown...
         Starting Virtualbox guest utils...
[[0;32m  OK  [0m] Started Regular background program processing daemon.
[[0;32m  OK  [0m] Started FUSE filesystem for LXC.
         Starting Accounts Service...
         Starting /etc/rc.local Compatibility...
         Starting Login Service...
         Starting LSB: Record successful boot for GRUB...
         Starting Snappy daemon...
[[0;32m  OK  [0m] Started iSCSI initiator daemon (iscsid).
[[0;32m  OK  [0m] Started /etc/rc.local Compatibility.
[[0;32m  OK  [0m] Started Login Service.
         Starting Login to default iSCSI targets...
[[0;32m  OK  [0m] Started System Logging Service.
[[0;32m  OK  [0m] Started LSB: MD monitoring daemon.
[[0;32m  OK  [0m] Started LSB: Record successful boot for GRUB.
[[0;32m  OK  [0m] Started Login to default iSCSI targets.
[[0;32m  OK  [0m] Reached target Remote File Systems (Pre).
[[0;32m  OK  [0m] Reached target Remote File Systems.
         Starting LSB: Set the CPU Frequency Scaling governor to "ondemand"...
         Starting LSB: automatic crash report generation...
         Starting LSB: daemon to balance interrupts for SMP systems...
         Starting Permit User Sessions...
[[0;32m  OK  [0m] Started LSB: Set the CPU Frequency Scaling governor to "ondemand".
[[0;32m  OK  [0m] Started LSB: daemon to balance interrupts for SMP systems.
[[0;32m  OK  [0m] Started Permit User Sessions.
         Starting Hold until boot process finishes up...
         Starting Terminate Plymouth Boot Screen...
[[0;32m  OK  [0m] Started Hold until boot process finishes up.
[[0;32m  OK  [0m] Started Terminate Plymouth Boot Screen.
[[0;32m  OK  [0m] Started Serial Getty on ttyS0.
         Starting Set console scheme...
[[0;32m  OK  [0m] Started Getty on tty1.
[[0;32m  OK  [0m] Reached target Login Prompts.
[[0;32m  OK  [0m] Started Set console scheme.
[[0;32m  OK  [0m] Started LSB: automatic crash report generation.
[[0;32m  OK  [0m] Started Virtualbox guest utils.
         Starting Authenticate and Authorize Users to Run Privileged Tasks...
[[0;32m  OK  [0m] Started Authenticate and Authorize Users to Run Privileged Tasks.
[[0;32m  OK  [0m] Started Accounts Service.
[[0;32m  OK  [0m] Started Snappy daemon.
         Starting Wait until snapd is fully seeded...
[[0;32m  OK  [0m] Started LXD - container startup/shutdown.

Ubuntu 16.04.6 LTS ubuntu-xenial ttyS0

ubuntu-xenial login: [   42.857228] cloud-init[1421]: Generating locales (this might take a while)...
[   43.786517] cloud-init[1421]:   en_US.UTF-8... done
[   43.787414] cloud-init[1421]: Generation complete.
[   44.868787] cloud-init[1421]: Cloud-init v. 18.5-45-g3554ffe8-0ubuntu1~16.04.1 running 'modules:config' at Mon, 17 Jun 2019 05:02:01 +0000. Up 42.52 seconds.
ci-info: no authorized ssh keys fingerprints found for user ubuntu.
<14>Jun 17 05:02:04 ec2: 
<14>Jun 17 05:02:04 ec2: #############################################################
<14>Jun 17 05:02:04 ec2: -----BEGIN SSH HOST KEY FINGERPRINTS-----
<14>Jun 17 05:02:04 ec2: 1024 SHA256:TQtu4/hhmnPKgmmSvQ+nPA9nkAN+5Rphzb9ptuLbiYc root@ubuntu-xenial (DSA)
<14>Jun 17 05:02:04 ec2: 256 SHA256:npy3ZMkPoe6zLH4WUPCnfrLwrLbK/a67Mx2xikeWkCY root@ubuntu-xenial (ECDSA)
<14>Jun 17 05:02:04 ec2: 256 SHA256:DCPI9I5bbrOi39+UOv2pcqWlSv7T77wmSTIL1pqfd4U root@ubuntu-xenial (ED25519)
<14>Jun 17 05:02:04 ec2: 2048 SHA256:Fk0YnKu9v3DL5KHD1Mh5Mxox0DS6dcuKyfV+9OBF3qc root@ubuntu-xenial (RSA)
<14>Jun 17 05:02:04 ec2: -----END SSH HOST KEY FINGERPRINTS-----
<14>Jun 17 05:02:04 ec2: #############################################################
-----BEGIN SSH HOST KEY KEYS-----
ecdsa-sha2-nistp256 AAAAE2VjZHNhLXNoYTItbmlzdHAyNTYAAAAIbmlzdHAyNTYAAABBBAQOAj1ltw5iTaQ7EyHDknYUkvywYc0LHhXvurzJb58E70v988GQt1WlFQThOZNK+SFtQijX1Q1vrlu+Nm5BuCI= root@ubuntu-xenial
ssh-ed25519 AAAAC3NzaC1lZDI1NTE5AAAAIBke/s8mkZNtqbdHtrUl2NVbF2EVH8m1F1qwDo0CrFYV root@ubuntu-xenial
ssh-rsa AAAAB3NzaC1yc2EAAAADAQABAAABAQDN2UORDMjqA3Y6H9+U4QK8S+BdJheIeoNTaB/uX9t1oBQAOQYPfK8R5UF+Cu3LbpTMKNojvccxEJDBctYPz9k8hYyWDwWgY5ss1UdZBSs/muFcKZHP6J3Vpvhpw688eaRIqMlqNgtzkpF2PL2YyTt9e7cPDfBFJa5mmLokPpoMzickVbojNX5BFoKKjnBo5BS76a0O4HRZNUDtH4CJi6FDDiLMTFOSrmO5+LdViI+Nu7HjoJ8OmuAey7xCDF/zK+fByKDIzF+llpQIdEt4syNG08gsP7Da+Se+aitW3RgpHlOCo4rBAYnk0hEn91jVWC1er4/nV4vPflf7R58Av40L root@ubuntu-xenial
-----END SSH HOST KEY KEYS-----
[   45.401133] cloud-init[1560]: Cloud-init v. 18.5-45-g3554ffe8-0ubuntu1~16.04.1 running 'modules:final' at Mon, 17 Jun 2019 05:02:03 +0000. Up 45.18 seconds.
[   45.401301] cloud-init[1560]: ci-info: no authorized ssh keys fingerprints found for user ubuntu.
[   45.401405] cloud-init[1560]: Cloud-init v. 18.5-45-g3554ffe8-0ubuntu1~16.04.1 finished at Mon, 17 Jun 2019 05:02:04 +0000. Datasource DataSourceNoCloud [seed=/dev/sdb][dsmode=net].  Up 45.39 seconds
[  558.206354] e1000 0000:00:03.0 enp0s3: Detected Tx Unit Hang
[  558.206354]   Tx Queue             <0>
[  558.206354]   TDH                  <73>
[  558.206354]   TDT                  <75>
[  558.206354]   next_to_use          <75>
[  558.206354]   next_to_clean        <73>
[  558.206354] buffer_info[next_to_clean]
[  558.206354]   time_stamp           <10000fa6f>
[  558.206354]   next_to_watch        <74>
[  558.206354]   jiffies              <10000fbec>
[  558.206354]   next_to_watch.status <0>
[  560.209376] e1000 0000:00:03.0 enp0s3: Detected Tx Unit Hang
[  560.209376]   Tx Queue             <0>
[  560.209376]   TDH                  <73>
[  560.209376]   TDT                  <75>
[  560.209376]   next_to_use          <75>
[  560.209376]   next_to_clean        <73>
[  560.209376] buffer_info[next_to_clean]
[  560.209376]   time_stamp           <10000fa6f>
[  560.209376]   next_to_watch        <74>
[  560.209376]   jiffies              <10000fde1>
[  560.209376]   next_to_watch.status <0>
[  562.212013] e1000 0000:00:03.0 enp0s3: Detected Tx Unit Hang
[  562.212013]   Tx Queue             <0>
[  562.212013]   TDH                  <73>
[  562.212013]   TDT                  <75>
[  562.212013]   next_to_use          <75>
[  562.212013]   next_to_clean        <73>
[  562.212013] buffer_info[next_to_clean]
[  562.212013]   time_stamp           <10000fa6f>
[  562.212013]   next_to_watch        <74>
[  562.212013]   jiffies              <10000ffd6>
[  562.212013]   next_to_watch.status <0>
[  564.222364] e1000 0000:00:03.0 enp0s3: Detected Tx Unit Hang
[  564.222364]   Tx Queue             <0>
[  564.222364]   TDH                  <73>
[  564.222364]   TDT                  <75>
[  564.222364]   next_to_use          <75>
[  564.222364]   next_to_clean        <73>
[  564.222364] buffer_info[next_to_clean]
[  564.222364]   time_stamp           <10000fa6f>
[  564.222364]   next_to_watch        <74>
[  564.222364]   jiffies              <1000101cd>
[  564.222364]   next_to_watch.status <0>
[  566.061499] e1000 0000:00:03.0 enp0s3: Reset adapter
